T3-FQ,T3-FA,T3-SQ,T3-SA,T3-FA_LLM,T3-FA_LLM_R,T3-SA_LLM,T3-S_LLM_R,T3-SA_CFG,T3-S_CFG_R,T3-FA_CFG,T3-FA_CFG_R,T3-SA_Query,T3-S_Query_R,T3-FA_Query,T3-FA_Query_R,T3-SA_MT,T3-S_MT_R,T3-FA_MT,T3-FA_MT_R,T3-SA_COVE,T3-S_COVE_R,T3-FA_COVE,T3-FA_COVE_R,T3-FA_CIMBUR,T3-FA_CIMBUR_R,T3-SA_CIMBUR,T3-S_CIMBUR_R,T3-SA_COVE_MT,T3-S_COVE_MT_R,T3-FA_COVE_MT,T3-FA_COVE_MT_R
How many issues tagged as 'test failure' have been reported in the last 60 days?,2,Summarize the issues of project MH,"Issue 18400 focuses on Apache Lucene's CI builds, which sometimes fail due to OpenJ9-specific issues. The reported  test failure involved an AssertionError during thread synchronization. Issue 17458 deals with an unhandled exception (Segmentation error) during recursive function calls leading to a JVM crash. The problem appears to be unique to JDK11 and does not occur with other JDK versions tested (JDK8, JDK17).",There have been 2 issues tagged as 'test failure' reported in the last 60 days.,1.0,Answer: There are no issues for the project MH in the database.,0,Answer: There are no issues for project MH in the database.,0,There have been 2 issues tagged as 'test failure' reported in the last 60 days.,1.0,"SQLResult: 
[Bug report] memoryPoolMXBean.getUsage will throw exception when gcpolicy is balanced
I tried several versions and have the same problem.
comp:gc, userRaised

OpenJ9 can't find natives when launching Reposilite
```openjdk version ""17.0.6"" 2023-01-17
IBM Semeru Runti
comp:vm, userRaised

OpenJDK java/lang/String/ToLowerCase ArrayIndexOutOfBoundsException
test failure, arch:z, os:linux, release blocker
[Internal build](https://hyc-runtimes-jenkins.swg-devops.com/job/Test_openjdk8_j9_sanity.openjdk_s39
None",0,There are 2 issues with the 'test failure' tag reported in the past 60 days.,1.0,"The issues of project MH are as follows:
1. Issue number 18694 - jdk22 jsr292Test NoClassDefFoundError SamePackageSingleMethodInterfaceExample/0x0000000000000000 (wrong name: jdk/MHProxy1/SamePackageSingleMethodInterfaceExample) - Closed issue with 4 comments, created on 2024-01-05, closed on 2024-01-15 by pshipton. Labels include 'comp:vm', 'test failure', 'jdk22'. Milestone is 'Java 22 (0.45)'. Body contains detailed information and links to test results.
2. Issue number 18698 - jdk22 OpenJDK MethodHandleProxies/BasicTest - NoClassDefFoundError: java/util/function/jdk/MHProxy1/Function/0x0000000000000000 (wrong name: jdk/MHProxy1/Function) - Closed issue with 1 comment, created on 2024-01-05, closed on 2024-01-15 by pshipton. Labels include 'test failure', 'jdk22'. Milestone is 'Java 22 (0.45)'. Body contains detailed information and links to test results.
3. Issue number 18718 - JDK22 MHProxies.asInterfaceInstance: named module expected - Closed issue with 0 comments, created on 2024-01-09, closed on 2024-01-24 by babsingh. Labels include 'comp:vm', 'test failure', 'jdk22'. Milestone is 'Java 22 (0.45)'. The body contains source code information.",0,There have been 2 reports made in the last 60 days for issues tagged as 'test failure'.,1.0,The SQL query cannot be modified to return results for project MH as there are no rows in the 'issues' table where the 'repository_url' contains 'MH'.,0,There have been 2 issues tagged as 'test failure' reported in the last 60 days. None of these issues have been escalated to a higher priority.,1.0,There have been 2 issues tagged as 'test failure' reported in the past 60 days.,1.0,There are no related issues for project MH in the database.,0,"The issues of project MH are as follows:
1. '[Bug report] memoryPoolMXBean.getUsage will throw exception when gcpolicy is balanced'
2. 'OpenJ9 can't find natives when launching Reposilite'",0,There have been 2 reports made in the last 60 days for issues tagged as 'test failure'.,1
List all test failure issues and their current status,"1. 18845, closed
2. 18718, closed
3. 18961, closed
4. 18763, open
5. 18669, open
6. 18694, closed
7. 18698, closed",Summarize the issue 17265,Issue 17265 in the Eclipse OpenJ9 project reports an AnnotationFormatError triggered by a java.lang.IllegalArgumentException: Wrong type at constant pool index. This error surfaces in a Spring Boot application deployed on WebSphere Liberty when a REST endpoint is hit after a class has undergone retransformation by a Java agent. The JDK used for this is version 1.8.0_361.,"Issue 18400 is open and is titled ""Apache Lucene CI builds sometimes fail with OpenJ9 specific issues"".
Issue 18763 is open and is titled ""JDK21 serviceability/jvmti/vthread/GetThreadState/GetThreadStateTest.java FAILED GetThreadStateTest::testRunnable & timedout"".",0.0,"The issue 17265 is titled ""AnnotationFormatError: java.lang.IllegalArgumentException: Wrong type at constant pool index post class retransformation by agent"". It is closed with 9 comments, created on 2023-04-25, closed on 2023-11-17 by bvsvas. It is labeled as comp:vm, userRaised and belongs to the milestone ""Release 0.43 (Java 8, 11, 17, 21) Jan refresh"". The body of the issue describes an error encountered while hitting a REST Endpoint in a Spring Boot application deployed in WebSphere Liberty, specifically after class retransformation by a Java agent.",1,"The issue 17265 is titled ""AnnotationFormatError: java.lang.IllegalArgumentException: Wrong type at constant pool index post class retransformation by agent"". It was closed with 9 comments on November 17, 2023, and was created on April 25, 2023, by bvsvas. The labels associated with this issue are ""comp:vm"" and ""userRaised"". The milestone for this issue is ""Release 0.43 (Java 8, 11, 17, 21) Jan refresh"". The issue description mentions an error that occurs while hitting a REST Endpoint in a Spring Boot application deployed in WebSphere Liberty after class retransformation by a Java agent.",1,"| number | title                                                  | state |
|--------|--------------------------------------------------------|-------|
| 17063  | OpenJDK java/lang/String/ToLowerCase ArrayIndexOutOfBoundsException | open  |",0.0,"Title: AnnotationFormatError: java.lang.IllegalArgumentException: Wrong type at constant pool index post class retransformation by agent
Body: I get the error AnnotationFormatError: java.lang.IllegalArgumentException: Wrong type at constant pool index It comes while hitting REST Endpoint in Spring Boot application deployed in WebSphere Liberty. It only comes when call was made after class retransformation by java agent. This error...
Labels: comp:vm, userRaised",1,"| number | title                                                    | state | comments | created_at | closed_at | issue_creator | labels                                | milestone                                      |
|--------|----------------------------------------------------------|-------|----------|------------|-----------|---------------|---------------------------------------|------------------------------------------------|
| 17063  | OpenJDK java/lang/String/ToLowerCase ArrayIndexOutOfBoundsException | open  | 1        | 2023-03-29 | None      | pshipton      | test failure, arch:z, os:linux, release blocker | None                                           |",0.0,"The issue 17265 is titled ""AnnotationFormatError: java.lang.IllegalArgumentException: Wrong type at constant pool index post class retransformation by agent"". It was closed with 9 comments on November 17, 2023, by bvsvas. It is related to components: vm, userRaised and is part of the milestone ""Release 0.43 (Java 8, 11, 17, 21) Jan refresh"".",1,There are currently 2 test failure issues that have failed during testing.,0.0,"Title: AnnotationFormatError: java.lang.IllegalArgumentException: Wrong type at constant pool index post class retransformation by agent
State: closed
Comments: 9
Created at: 2023-04-25
Closed at: 2023-11-17
Issue Creator: bvsvas
Labels: comp:vm, userRaised
Milestone: Release 0.43 (Java 8, 11, 17, 21) Jan refresh
Body: I get the error AnnotationFormatError: java.lang.IllegalArgumentException: Wrong type at constant pool index It comes while hitting REST Endpoint in Spring Boot application deployed in WebSphere Liberty. It only comes when call was made after class retransformation by java agent. This error...",1,Apache Lucene CI builds sometimes fail with OpenJ9 specific issues - open.,0.0,"Issue numbers for test failures are 18400 and 18763, and their corresponding statuses are 'open'.",0.0,"Title: AnnotationFormatError: java.lang.IllegalArgumentException: Wrong type at constant pool index post class retransformation by agent
Body: The error occurs in issue 17265 at the constant pool index after class retransformation by a Java agent while hitting a REST Endpoint in a Spring Boot application deployed in WebSphere Liberty.
Exceptions: Caused by: java.lang.IllegalArgumentException: Wrong type at constant pool index
Labels: comp:vm \n userRaised",1,"The issue 17265 is titled ""AnnotationFormatError: java.lang.IllegalArgumentException: Wrong type at constant pool index post class retransformation by agent"". It was closed with 9 comments on November 17, 2023. The issue was created on April 25, 2023, by bvsvas. It is related to components: comp:vm, userRaised. The milestone associated with this issue is ""Release 0.43 (Java 8, 11, 17, 21) Jan refresh"". The detailed description of the issue mentions an error that occurs while hitting a REST Endpoint in a Spring Boot application deployed in WebSphere Liberty, specifically after class retransformation by a Java agent.",1,There are currently 2 test failure issues that have failed during testing.,0
,,Summarize the issue 18336,"The issue (18336) involves recent builds of packaged Eclipse failing to launch with Semeru but succeeding with Adoptium on macOS ARM. Various symptoms have been observed, including NullPointerExceptions during different stages of execution",,,"The issue 18336 titled 'Recent builds of packaged Eclipse fail to launch with Semeru but succeed with Adoptium on macOS ARM' was closed with 10 comments on October 31, 2023. It was created on October 23, 2023 by kgibm. The labels associated with this issue are 'comp:jit, userRaised' and it is part of the milestone 'Release 0.41 (Java 8, 11, 17) Oct refresh'. The body of the issue contains information about the Java version output and details about the builds.",1,"Title: Recent builds of packaged Eclipse fail to launch with Semeru but succeed with Adoptium on macOS ARM
State: closed
Comments: 10
Created at: 2023-10-23
Closed at: 2023-10-31
Issue creator: kgibm
Labels: comp:jit, userRaised
Milestone: Release 0.41 (Java 8, 11, 17) Oct refresh
Body: Java -version output
--------------------
```
openjdk version ""17.0.8.1"" 2023-08-24
IBM Semeru Runtime Open Edition 17.0.8.1 (build 17.0.8.1+1)
Eclipse OpenJ9 VM 17.0.8.1 (build openj9-0.40.0, JRE 17 Mac OS X aarch64-64-Bit 20230824_392 (JIT enabled, AOT enabled)
OpenJ9   -...",1,,,"Title: Recent builds of packaged Eclipse fail to launch with Semeru but succeed with Adoptium on macOS ARM
Body: Java -version output
--------------------

```
openjdk version ""17.0.8.1"" 2023-08-24
IBM Semeru Runtime Open Edition 17.0.8.1 (build 17.0.8.1+1)
Eclipse OpenJ9 VM 17.0.8.1 (build openj9-0.40.0, JRE 17 Mac OS X aarch64-64-Bit 20230824_392 (JIT enabled, AOT enabled)
OpenJ9   -...
Labels: comp:jit, userRaised",1,,,"Issue 18336 is titled ""Recent builds of packaged Eclipse fail to launch with Semeru but succeed with Adoptium on macOS ARM"". It was closed with 10 comments on October 23, 2023, by the issue creator kgibm.",1,,,"Title: Recent builds of packaged Eclipse fail to launch with Semeru but succeed with Adoptium on macOS ARM
State: closed
Comments: 10
Created at: 2023-10-23
Closed at: 2023-10-31
Issue Creator: kgibm
Labels: comp:jit, userRaised
Milestone: Release 0.41 (Java 8, 11, 17) Oct refresh
Body: Java -version output
--------------------

openjdk version ""17.0.8.1"" 2023-08-24
IBM Semeru Runtime Open Edition 17.0.8.1 (build 17.0.8.1+1)
Eclipse OpenJ9 VM 17.0.8.1 (build openj9-0.40.0, JRE 17 Mac OS X aarch64-64-Bit 20230824_392 (JIT enabled, AOT enabled)
OpenJ9   -...",1,,,,,"Title: Recent builds of packaged Eclipse fail to launch with Semeru but succeed with Adoptium on macOS ARM
Exceptions: Exception in thread ""main"" java.lang.ExceptionInInitializerError
Body: Java -version output
```
openjdk version ""17.0.8.1"" 2023-08-24
IBM Semeru Runtime Open Edition 17.0.8.1 (build 17.0.8.1+1)
Eclipse OpenJ9 VM 17.0.8.1 (build openj9-0.40.0, JRE 17 Mac OS X aarch64-64-Bit 20230824_392 (JIT enabled, AOT enabled)
OpenJ9   -...
Labels: comp:jit, userRaised",1,"The issue 18336 is titled 'Recent builds of packaged Eclipse fail to launch with Semeru but succeed with Adoptium on macOS ARM'. It was closed with 10 comments on October 31, 2023. The issue was created by kgibm and falls under the 'comp:jit, userRaised' labels. The milestone associated with this issue is 'Release 0.41 (Java 8, 11, 17) Oct refresh'. The body of the issue contains information about the Java version output and the runtime environment details.",1,,
,,Generate a report detailing the distribution of issues across different components,"comp:vm: 3 issues (17458, 18763, 17638)
comp:jit: 4 issues (18400, 17843, 18102, 18669)
comp:fips: 2 issues (18043, 18277)
comp:infra: 1 issue (17137)
comp:jvmti: 1 issue (18763)",,,"test failure: 5
comp:vm, userRaised: 3
userRaised: 2
test failure, comp:fips: 2
comp:vm, test failure, jdk22: 2
comp:vm, test failure: 2
comp:test, test failure: 2
comp:jit, userRaised: 2
comp:jit, test failure: 2
test failure, test excluded: 1
test failure, jdk22: 1
test failure, comp:jclextensions: 1
test failure, comp:infra: 1
test failure, blocker: 1
test failure, arch:z, os:linux, release blocker: 1
test failure, arch:aarch64, triageRequired: 1
jdk11, triageRequired: 1
comp:vm, userRaised, project:MH: 1
comp:vm, test failure, test excluded, jdk21: 1
comp:vm, test failure, project:loom, comp:jvmti, jdk21: 1
comp:vm, test failure, comp:jvmti: 1
comp:test, test failure, jdk21: 1
comp:jit, userRaised, project:MH: 1
comp:jit, test failure, jdk20: 1
comp:jit, test failure, criu: 1
comp:gc, userRaised: 1
comp:gc: 1",0,"The distribution of issues across different components is as follows:
- 'test failure': 5 issues
- 'comp:vm \n userRaised': 3 issues
- 'userRaised': 2 issues
- 'test failure \n comp:fips': 2 issues
- 'comp:vm \n test failure \n jdk22': 2 issues
- 'comp:vm \n test failure': 2 issues
- 'comp:test \n test failure': 2 issues
- 'comp:jit \n userRaised': 2 issues
- and so on...",1,,,"The distribution of issues by components in a report is as follows:
- 'test failure': 5 issues
- 'comp:vm, userRaised': 3 issues
- 'userRaised': 2 issues
- 'test failure, comp:fips': 2 issues
- 'comp:vm, test failure, jdk22': 2 issues
- 'comp:vm, test failure': 2 issues
- 'comp:test, test failure': 2 issues
- 'comp:jit, userRaised': 2 issues
- 'comp:jit, test failure': 2 issues
- and so on...",0,,,"The distribution of issues across different components is as follows:
- 'test failure': 5 issues
- 'comp:vm, userRaised': 3 issues
- 'userRaised': 2 issues
- 'test failure, comp:fips': 2 issues
- 'comp:vm, test failure, jdk22': 2 issues
- 'comp:vm, test failure': 2 issues
- 'comp:test, test failure': 2 issues
- 'comp:jit, userRaised': 2 issues
- 'comp:jit, test failure': 2 issues
- and so on...",0,,,"test failure: 5
comp:vm, userRaised: 3
comp:vm, test failure, jdk22: 2
comp:vm, test failure: 2
comp:jit, userRaised: 2
comp:jit, test failure: 2
test failure, comp:jclextensions: 1
test failure, comp:infra: 1
test failure, blocker: 1
test failure, arch:z, os:linux, release blocker: 1
test failure, arch:aarch64, triageRequired: 1
comp:vm, userRaised, project:MH: 1
comp:vm, test failure, test excluded, jdk21: 1
comp:vm, test failure, project:loom, comp:jvmti, jdk21: 1
comp:vm, test failure, comp:jvmti: 1
comp:jit, userRaised, project:MH: 1
comp:jit, test failure, jdk20: 1
comp:jit, test failure, criu: 1
comp:gc, userRaised: 1
comp:gc: 1",0,,,,,"The summary of the report's distribution of issues by components is as follows:
- 'test failure': 5 issues
- 'comp:vm \n userRaised': 3 issues
- 'userRaised': 2 issues
- 'test failure \n comp:fips': 2 issues
- 'comp:vm \n test failure \n jdk22': 2 issues
- 'comp:vm \n test failure': 2 issues
- 'comp:test \n test failure': 2 issues
- 'comp:jit \n userRaised': 2 issues",1,"The distribution of issues across different components is as follows:
- 'test failure': 5 issues
- 'comp:vm, userRaised': 3 issues
- 'userRaised': 2 issues
- 'test failure, comp:fips': 2 issues
- 'comp:vm, test failure, jdk22': 2 issues
- 'comp:vm, test failure': 2 issues
- 'comp:test, test failure': 2 issues
- 'comp:jit, userRaised': 2 issues
- 'comp:jit, test failure': 2 issues
- and so on...",0,,
,,Compile a summary of unresolved issues not older than 1 month,"Issue 19014 highlights incorrect array optimizations in OpenJ9-11, leading to an ArrayIndexOutOfBoundsException during execution of a specific test case. OpenJ9-11 and OpenJ9-17 throw this exception, even when setting the -Xint parameter.",,,"There is 1 unresolved issue not older than 1 month:
- Issue number 19014 titled ""OpenJ9-11 Incorrect array optimizations"" was created on February 26, 2024.",1,There is 1 unresolved issue not older than 1 month.,0,,,There is 1 open issue created within the last month.,0,,,"There is 1 unresolved issue that has occurred within the past month:
- Issue number 19014 titled ""OpenJ9-11 Incorrect array optimizations"" was created on 2024-02-26.",1,,,"There is 1 unresolved issue not older than 1 month: - Issue number 19014 titled 'OpenJ9-11 Incorrect array optimizations' is currently open, has 3 comments, was created on February 26, 2024 by TemporaryRepos, is assigned to nbhuiyan, belongs to milestone 'Release 0.46 (Java 8, 11, 17, 21, 22) July refresh', and contains information about affected versions, a simplified test case, and Java version output under Linux.",1,,,,,"There is 1 open issue created within the last month. The title is ""OpenJ9-11 Incorrect array optimizations"", the body contains information about affected versions, test case execution problems, simplified test case class file, Linux Ubuntu version, and Java version output under Linux, the exception is ""java.lang.ArrayIndexOutOfBoundsException"", and the label is ""comp:jit \n userRaised"".",1,"There is an unresolved issue that is less than 1 month old. The issue number is 19014 with the title ""OpenJ9-11 Incorrect array optimizations"".",1,,
,,Can you generate a summary of all issues tagged as 'comp:fips'?,"Issue 18043: Test failure observed in FIPS mode of IBM Semeru Runtime Certified Edition 17.0.8.1 with Eclipse OpenJ9 VM during CipherByteBufferOverwriteTest.java test. Failure due to ciphertext mismatch, indicating potential correctness issue with cryptographic operation in FIPS mode.

Issue 18277: Test failure in IBM Semeru Runtime Open Edition 11.0.21.0-m2 with Eclipse OpenJ9 VM during TrustAnchors.java test in FIPS 140-2 mode. Failure due to java.security.ProviderException indicating invalid Secmod directory or NSS initialization issues",,,"There are currently 2 open issues tagged as 'comp:fips':
1. Issue number 18043 titled 'FIPS JDK17 jdk_security2_0_FAILED javax/crypto/CipherSpi/CipherByteBufferOverwriteTest.java ERROR: Ciphertext does not match' created on 2023-08-29 by JasonFengJ9.
2. Issue number 18277 titled 'FIPS sun/security/pkcs11/Secmod/TrustAnchors.java ProviderException: Secmod directory /etc/pki/nssdb invalid, NSS already initialized with sun/security/pkcs11/Secmod/TrustAnchors.d/tmpdb' created on 2023-10-12 by JasonFengJ9.",1,"There are currently 2 open issues tagged as 'comp:fips':
1. Issue number 18043 titled 'FIPS JDK17 jdk_security2_0_FAILED javax/crypto/CipherSpi/CipherByteBufferOverwriteTest.java ERROR: Ciphertext does not match' created on 2023-08-29 by JasonFengJ9.
2. Issue number 18277 titled 'FIPS sun/security/pkcs11/Secmod/TrustAnchors.java ProviderException: Secmod directory /etc/pki/nssdb invalid, NSS already initialized with sun/security/pkcs11/Secmod/TrustAnchors.d/tmpdb' created on 2023-10-12 by JasonFengJ9.",1,,,"There are currently 2 open issues labeled as 'comp:fips':
1. Title: FIPS JDK17 jdk_security2_0_FAILED javax/crypto/CipherSpi/CipherByteBufferOverwriteTest.java ERROR: Ciphertext does not match
   State: open
   Created at: 2023-08-29
   Issue Creator: JasonFengJ9
   Labels: test failure, comp:fips

2. Title: FIPS sun/security/pkcs11/Secmod/TrustAnchors.java ProviderException: Secmod directory /etc/pki/nssdb invalid, NSS already initialized with sun/security/pkcs11/Secmod/TrustAnchors.d/tmpdb
   State: open
   Created at: 2023-10-12
   Issue Creator: JasonFengJ9
   Labels: test failure, comp:fips",1,,,"There are 2 open issues with the 'comp:fips' tag:
1. Issue number 18043 titled 'FIPS JDK17 jdk_security2_0_FAILED javax/crypto/CipherSpi/CipherByteBufferOverwriteTest.java ERROR: Ciphertext does not match' created on 2023-08-29 by JasonFengJ9.
2. Issue number 18277 titled 'FIPS sun/security/pkcs11/Secmod/TrustAnchors.java ProviderException: Secmod directory /etc/pki/nssdb invalid, NSS already initialized with sun/security/pkcs11/Secmod/TrustAnchors.d/tmpdb' created on 2023-10-12 by JasonFengJ9.",1,,,"There is currently 1 open issue tagged as 'comp:fips': Issue number 18277 titled 'FIPS sun/security/pkcs11/Secmod/TrustAnchors.java ProviderException: Secmod directory /etc/pki/nssdb invalid, NSS already initialized with sun/security/pkcs11/Secmod/TrustAnchors.d/tmpdb' created on 2023-10-12 by JasonFengJ9.",0,,,,,"Title: 
1. FIPS JDK17 jdk_security2_0_FAILED javax/crypto/CipherSpi/CipherByteBufferOverwriteTest.java ERROR: Ciphertext does not match
2. FIPS sun/security/pkcs11/Secmod/TrustAnchors.java ProviderException: Secmod directory /etc/pki/nssdb invalid, NSS already initialized with sun/security/pkcs11/Secmod/TrustAnchors.d/tmpdb

Exception:
1. java.lang.Exception: ERROR: Ciphertext does not match
2. java.security.ProviderException: Secmod directory /etc/pki/nssdb invalid, NSS already initialized with...

Body:
1. Failure link
------------
From [an internal build](https://hyc-runtimes-jenkins.swg-devops.com/job/Test_openjdk17_j9_sanity.openjdk_x86-64_linux_fips_testList_0/59/)(`rhel8x64-fips4-1`):
```
java version ""17.0.8.1"" 2023-08-24
IBM Semeru Runtime Certified Edition 17.0.8.1 (build...

2. Failure link
------------
From [an internal build](https://hyc-runtimes-jenkins.swg-devops.com/job/Test_openjdk11_j9_extended.openjdk_x86-64_linux_fips140_2_testList_2/3/)(`rhel8x64-fips4-1`):
```
openjdk version ""11.0.21"" 2023-10-17
IBM Semeru Runtime Open Edition...

Labels:
1. test failure \n comp:fips
2. test failure \n comp:fips",1,"There are 2 open issues tagged as 'comp:fips': Issue number 18043 titled 'FIPS JDK17 jdk_security2_0_FAILED javax/crypto/CipherSpi/CipherByteBufferOverwriteTest.java ERROR: Ciphertext does not match' created on 2023-08-29 by JasonFengJ9 and Issue number 18277 titled 'FIPS sun/security/pkcs11/Secmod/TrustAnchors.java ProviderException: Secmod directory /etc/pki/nssdb invalid, NSS already initialized with sun/security/pkcs11/Secmod/TrustAnchors.d/tmpdb' created on 2023-10-12 by JasonFengJ9.",1,,
,,Can you generate a summary of all issues tagged as 'comp:jit' ?,"Issue 18400: Apache Lucene CI builds intermittently fail with OpenJ9 JVMs

Issue 17120: JDK20 with OpenJ9 on Windows encounters IllegalMonitorStateException during stress testing with PinALot.java, affecting thread handling and lock release mechanisms.

Issue 18336: Recent builds of Eclipse fail to launch with Semeru on macOS ARM, leading to NullPointerExceptions and launch failures

Issue 19014: OpenJ9-11 exhibits incorrect array optimizations on Linux, causing ArrayIndexOutOfBoundsException in specific array operations within a loop.

Issue 17843: CRIU testing encounters an assertion failure in OpenJ9's JIT compiler

Issue 18102 & Issue 18669: OpenJDK tests encounter ArrayIndexOutOfBoundsException during character property tests",,,"There are 7 issues tagged as 'comp:jit':
1. Issue number 17120 titled 'jdk20 OpenJDK Windows virtual/stress/PinALot.java IllegalMonitorStateException' is closed with 28 comments. It was created on 2023-04-06 and closed on 2023-05-06 by issue creator pshipton. It is part of milestone 'Java 20.0.1 0.39'.
2. Issue number 17843 titled 'CRIU Assertion failed at openj9/runtime/compiler/control/CompilationThread.cpp:2927: !isCheckpointInProgress() Checkpoint already in progress!' is open with 1 comment. It was created on 2023-07-21 by issue creator JasonFengJ9. It is part of labels 'comp:jit, test failure, criu'.
3. Issue number 18102 titled 'jdk_lang_j9_0_FAILED java/lang/String/NonCharacterMapping.java ArrayIndexOutOfBoundsException at java.base/java.lang.CharacterDataLatin1.getProperties(CharacterDataLatin1.java:74)' is open with 10 comments. It was created on 2023-09-08 by issue creator JasonFengJ9. It is part of milestone 'Release 0.46 (Java 8, 11, 17, 21, 22) July refresh'.
4. Issue number 18336 titled 'Recent builds of packaged Eclipse fail to launch with Semeru but succeed with Adoptium on macOS ARM' is closed with 10 comments. It was created on 2023-10-23 and closed on 2023-10-31 by issue creator kgibm. It is part of milestone 'Release 0.41 (Java 8, 11, 17) Oct refresh'.
5. Issue number 18400 titled 'Apache Lucene CI builds sometimes fail with OpenJ9 specific issues' is open with 37 comments. It was created on 2023-11-04 by issue creator mikemccand. It is part of labels 'comp:jit, userRaised, project:MH'.
6. Issue number 18669 titled 'OpenJDK java/lang/Character/CharPropTest - ArrayIndexOutOfBoundsException' is open with 1 comment. It was created on 2023-12-21 by issue creator pshipton. It is part of milestone 'Release 0.46 (Java 8, 11, 17, 21, 22) July refresh'.
7. Issue number 19014 titled 'OpenJ9-11 Incorrect array optimizations' is open with 3 comments. It was created on 2024-02-26 by issue creator TemporaryRepos. It is part of labels 'comp:jit, userRaised' and assigned to issue assignee nbhuiyan. It is part of milestone 'Release 0.46 (Java 8, 11, 17, 21, 22) July refresh'.",0,"There are 6 issues tagged as 'comp:jit':
1. Issue number 17120 titled 'jdk20 OpenJDK Windows virtual/stress/PinALot.java IllegalMonitorStateException' was closed with 28 comments. It was created on 2023-04-06 and closed on 2023-05-06 by issue creator pshipton.
2. Issue number 17843 titled 'CRIU Assertion failed at openj9/runtime/compiler/control/CompilationThread.cpp:2927: !isCheckpointInProgress() Checkpoint already in progress!' is currently open with 1 comment. It was created on 2023-07-21 by issue creator JasonFengJ9.
3. Issue number 18102 titled 'jdk_lang_j9_0_FAILED java/lang/String/NonCharacterMapping.java ArrayIndexOutOfBoundsException at java.base/java.lang.CharacterDataLatin1.getProperties(CharacterDataLatin1.java:74)' is currently open with 10 comments. It was created on 2023-09-08 by issue creator JasonFengJ9.
4. Issue number 18336 titled 'Recent builds of packaged Eclipse fail to launch with Semeru but succeed with Adoptium on macOS ARM' was closed with 10 comments. It was created on 2023-10-23 and closed on 2023-10-31 by issue creator kgibm.
5. Issue number 18400 titled 'Apache Lucene CI builds sometimes fail with OpenJ9 specific issues' is currently open with 37 comments. It was created on 2023-11-04 by issue creator mikemccand.
6. Issue number 18669 titled 'OpenJDK java/lang/Character/CharPropTest - ArrayIndexOutOfBoundsException' is currently open with 1 comment. It was created on 2023-12-21 by issue creator pshipton.",0,,,The content of all issues labeled as 'comp:jit' has been summarized above.,0,,,"There are 6 issues that have been tagged as 'comp:jit':
1. Issue number 17120 titled 'jdk20 OpenJDK Windows virtual/stress/PinALot.java IllegalMonitorStateException' is closed with 28 comments, created on 2023-04-06, closed on 2023-05-06 by issue creator pshipton.
2. Issue number 17843 titled 'CRIU Assertion failed at openj9/runtime/compiler/control/CompilationThread.cpp:2927: !isCheckpointInProgress() Checkpoint already in progress!' is open with 1 comment, created on 2023-07-21 by issue creator JasonFengJ9.
3. Issue number 18102 titled 'jdk_lang_j9_0_FAILED java/lang/String/NonCharacterMapping.java ArrayIndexOutOfBoundsException at java.base/java.lang.CharacterDataLatin1.getProperties(CharacterDataLatin1.java:74)' is open with 10 comments, created on 2023-09-08 by issue creator JasonFengJ9.
4. Issue number 18336 titled 'Recent builds of packaged Eclipse fail to launch with Semeru but succeed with Adoptium on macOS ARM' is closed with 10 comments, created on 2023-10-23, closed on 2023-10-31 by issue creator kgibm.
5. Issue number 18400 titled 'Apache Lucene CI builds sometimes fail with OpenJ9 specific issues' is open with 37 comments, created on 2023-11-04 by issue creator mikemccand.
6. Issue number 18669 titled 'OpenJDK java/lang/Character/CharPropTest - ArrayIndexOutOfBoundsException' is open with 1 comment, created on 2023-12-21 by issue creator pshipton.",0,,,There are currently 5 open issues tagged as 'comp:jit' in the database.,0,,,,,"The contents of all issues marked as 'comp:jit' include various failures, errors, and issues related to Java Virtual Machine (JVM) optimizations, array index out of bounds exceptions, and specific problems with OpenJ9 JVM.",0,"There are currently 4 open issues tagged as 'comp:jit':
1. jdk_lang_j9_0_FAILED java/lang/String/NonCharacterMapping.java ArrayIndexOutOfBoundsException at java.base/java.lang.CharacterDataLatin1.getProperties(CharacterDataLatin1.java:74)
2. Apache Lucene CI builds sometimes fail with OpenJ9 specific issues
3. OpenJDK java/lang/Character/CharPropTest - ArrayIndexOutOfBoundsException
4. OpenJ9-11 Incorrect array optimizations

There is 1 closed issue tagged as 'comp:jit':
1. Recent builds of packaged Eclipse fail to launch with Semeru but succeed with Adoptium on macOS ARM",1,,
,,Summarize the open issues of comp:infra,"There is only one open issue related to comp:infra, Issue 17137. This issue involves a failure on running the test of jdk_security3_0. The exception reported is a java.security.ProviderException:Initialization failed",,,"There is currently 1 open issue related to comp:infra. The issue number is 17137, the title is 'jdk_security3_0_FAILED IOException: NSS initialization failed', it was created on 2023-04-10 by JasonFengJ9.",1,"There is currently 1 open issue related to comp:infra. The issue number is 17137, titled 'jdk_security3_0_FAILED IOException: NSS initialization failed', created by JasonFengJ9 on 2023-04-10, with 10 comments.",1,,,"The open issue related to the comp:infra component is titled ""jdk_security3_0_FAILED IOException: NSS initialization failed"". The exception mentioned in the issue is related to NSS initialization failure. The body of the issue includes a failure link to an internal build. The label associated with this issue is ""test failure, comp:infra"".",1,,,"There is 1 open issue related to comp:infra:
- Issue number: 17137
- Title: jdk_security3_0_FAILED IOException: NSS initialization failed
- State: open
- Number of comments: 10
- Created at: 2023-04-10
- Issue creator: JasonFengJ9
- Labels: test failure, comp:infra
- Milestone: None",1,,,"There is 1 open issue related to comp:infra:
- Issue number: 17137
- Title: jdk_security3_0_FAILED IOException: NSS initialization failed
- State: open
- Created at: 2023-03-23
- Issue creator: JasonFengJ9
- Labels: test failure, comp:infra",1,,,,,"There is one open issue related to the comp:infra component. The title of the issue is ""jdk_security3_0_FAILED IOException: NSS initialization failed"", the exception is ""java.security.ProviderException: Initialization failed"", the body contains a failure link, and the label is ""comp:infra"".",1,"There is currently 1 open issue related to comp:infra. The issue number is 17137, titled 'jdk_security3_0_FAILED IOException: NSS initialization failed', created by JasonFengJ9 on 2023-04-10, with 10 comments.",1,,
