T5-FQ,T5-FA,T5-YNQ,T5-YNA,T5-SQ,T5-SA,T5-YNA_LLM,T5-YN_LLM_R,fT5-SA{name},T5-S_LLM_R,T5-FA_LLM,T5-FA_LLM_R,T5-YNA_CFG,T5-YN_CFG_R,T5-S_CFG_R,T5-FA_CFG,T5-FA_CFG_R,T5-YNA_Query,T5-YN_Query_R,T5-S_Query_R,T5-FA_Query,T5-FA_Query_R,T5-YNA_MT,T5-S_MT_R,T5-FA_MT,T5-FA_MT_R,T5-YN_MT_R,T5-YNA_COVE,T5-YN_COVE_R,T5-S_COVE_R,T5-FA_COVE,T5-FA_COVE_R,T5-YNA_CIMBUR,T5-YN_CIMBUR_R,T5-S_CIMBUR_R,T5-FA_CIMBUR,T5-FA_CIMBUR_R,T5-SA_MT,T5-SA_LLM,T5-SA_CFG,T5-SA_Query,T5-SA_COVE,T5-SA_CIMBUR,T5-YNA_COVE_MT,T5-YN_COVE_MT_R,T5-SA_COVE_MT,T5-S_COVE_MT_R,T5-FA_COVE_MT,T5-FA_COVE_MT_R
Find the long-standing unresolved issues that have been consistently postponed?,"17063, 17137, 17458, 17843, 17638, 17852, 18043, 18001, 18102, 17995, 18277, 18400, 18487, 18763, 18669, 19014",Are there any long-standing issues that have been consistently postponed?,Yes,Give an overview of the distribution of backlog issues by component,"comp:jit : 5 issues
comp:vm : 3 issues
comp:fips : 2 issues
comp:infra : 1 issue
comp:jvmti' : 1 issue","No, there are no long-standing issues that have been consistently postponed.",0.0,"The distribution of backlog issues based on components is as follows: 
- 'test failure': 3 issues
- 'test failure \n comp:fips': 2 issues
- 'comp:jit \n test failure': 2 issues
- 'test failure \n test excluded': 1 issue
- 'test failure \n comp:infra': 1 issue
- 'test failure \n arch:z \n os:linux': 1 issue
- 'comp:vm \n userRaised \n project:MH': 1 issue
- 'comp:vm \n test failure \n test excluded \n jdk21': 1 issue
- 'comp:vm \n test failure \n comp:jvmti': 1 issue
- 'comp:jit \n userRaised \n project:MH': 1 issue
- 'comp:jit \n userRaised': 1 issue
- 'comp:jit \n test failure \n criu': 1 issue",0.0,"There are several long-standing unresolved issues that have been consistently postponed. Some examples include:

1. Issue number 17638 titled 'OpenJDK java/lang/Thread/SleepSanity Duration 999ms, expected >= 1000ms' created on 2023-06-22 with milestone 'Backlog'.
2. Issue number 18102 titled 'jdk_lang_j9_0_FAILED java/lang/String/NonCharacterMapping.java ArrayIndexOutOfBoundsException at java.base/java.lang.CharacterDataLatin1.getProperties(CharacterDataLatin1.java:74)' created on 2023-09-08 with milestone 'Release 0.46 (Java 8, 11, 17, 21, 22) July refresh'.
3. Issue number 18400 titled 'Apache Lucene CI builds sometimes fail with OpenJ9 specific issues' created on 2023-11-04 with milestone 'Release 0.46 (Java 8, 11, 17, 21, 22) July refresh'.
4. Issue number 18669 titled 'OpenJDK java/lang/Character/CharPropTest - ArrayIndexOutOfBoundsException' created on 2023-12-21 with milestone 'Release 0.46 (Java 8, 11, 17, 21, 22) July refresh'.
5. Issue number 18763 titled 'JDK21 serviceability/jvmti/vthread/GetThreadState/GetThreadStateTest.java FAILED GetThreadStateTest::testRunnable & timedout' created on 2024-01-15 with milestone 'Release 0.46 (Java 8, 11, 17, 21, 22) July refresh'.
6. Issue number 19014 titled 'OpenJ9-11 Incorrect array optimizations' created on 2024-02-26 with milestone 'Release 0.46 (Java 8, 11, 17, 21, 22) July refresh'.",0,"Yes, there are several long-standing issues that have been consistently postponed.",1.0,0.0,Answer: There are no long-standing unresolved issues that have been consistently postponed.,0,"Yes, there are long-standing issues that have been consistently postponed. Some of the examples include:
1. Issue number 17265 titled ""AnnotationFormatError: java.lang.IllegalArgumentException: Wrong type at constant pool index post class retransformation by agent"" was created on 2023-04-25 and closed on 2023-11-17.
2. Issue number 17774 titled ""NullPointerExceptions seen in SpinedBufferTest"" was created on 2023-07-11 and closed on 2023-11-14.
3. Issue number 18151 titled ""To accept OpenJDK option +UseG1GC to enable startup of elasticsearch application"" was created on 2023-09-15 and closed on 2024-01-03.
4. Issue number 17019 titled ""OpenJ9 can't find natives when launching Reposilite"" was created on 2023-03-24 and closed on 2023-06-08.
5. Issue number 18089 titled ""JDK21 serviceability/jvmti/vthread/ThreadListStackTracesTest/ThreadListStackTracesTest.java RuntimeException: JVMTI multi thread state is wrong"" was created on 2023-09-07 and closed on 2023-11-20.
6. Issue number 17454 titled ""Mockito fails with 'cannot mock' exceptions in OpenJ9 11 and 17"" was created on 2023-05-24 and closed on 2023-07-25.
7. Issue number 18447 titled ""jdk_security_infra_0_FAILED NullPointerException: Cannot invoke 'java.security.cert.X509Certificate.getSubjectX500Principal()' because 'this.rootCertificate' is null"" was created on 2023-11-13 and closed on 2024-01-11.",1.0,0.0,Answer: 17063,0,"Yes, there are long-standing issues that have been consistently put off. Some of the open issues that have been created more than 6 months ago and have not been closed yet are:
1. Issue number 17063 - ""OpenJDK java/lang/String/ToLowerCase ArrayIndexOutOfBoundsException"" created on 2023-03-29
2. Issue number 17137 - ""jdk_security3_0_FAILED IOException: NSS initialization failed"" created on 2023-04-10
3. Issue number 17458 - ""Unhandled exception Type=Segmentation error  *** Invalid JIT return address"" created on 2023-05-25
4. Issue number 17638 - ""OpenJDK java/lang/Thread/SleepSanity Duration 999ms, expected >= 1000ms"" created on 2023-06-22
5. Issue number 17843 - ""CRIU Assertion failed at openj9/runtime/compiler/control/CompilationThread.cpp:2927: !isCheckpointInProgress() Checkpoint already in progress!"" created on 2023-07-21
6. Issue number 17852 - ""jdk_nio_1_FAILED java/nio/channels/FileChannel/ExpandingMap.java InternalError: SIGBUS"" created on 2023-07-24
7. Issue number 17995 - ""jdk_nio_0_FAILED sun/nio/cs/TestIBMBugs.java java.lang.ArrayIndexOutOfBoundsException at java.lang.CharacterDataLatin1.getProperties(CharacterDataLatin1.java:72)"" created on 2023-08-21
8. Issue number 18001 - ""jdk_security3_1_FAILED sun/security/ssl/SSLSocketImpl/ClientModeClientAuth.java java.lang.IllegalAccessError: invokeinterface of non-public method 'contains(Ljava/lang/Object;)Z' in java/util/HashSet"" created on 2023-08-22
9. Issue number 18043 - ""FIPS JDK17 jdk_security2_0_FAILED javax/crypto/CipherSpi/CipherByteBufferOverwriteTest.java ERROR: Ciphertext does not match"" created on 2023-08-29
10. Issue number 18102 - ""jdk_lang_j9_0_FAILED java/lang/String/NonCharacterMapping.java ArrayIndexOutOfBoundsException at java.base/java.lang.CharacterDataLatin1.getProperties(CharacterDataLatin1.java:74)"" created on 2023-09-08",0.0,There are currently no open issues that have been consistently postponed and are still unresolved after a long period of time.,0,1.0,"Yes, there are long-standing issues that have been consistently postponed. Some examples include issues like 'memoryPoolMXBean.getUsage can throw an exception when gcpolicy is balanced', 'OpenJ9 can't find natives when launching Reposilite', 'java.lang.IllegalArgumentException can occur due to wrong type at constant pool index post class retransformation by agent', and many more.",1.0,0.0,"There are several long-standing unresolved issues that have been consistently postponed. Some examples include: 1. Issue number 17063 titled 'OpenJDK java/lang/String/ToLowerCase ArrayIndexOutOfBoundsException' created on 2023-03-29. 2. Issue number 17137 titled 'jdk_security3_0_FAILED IOException: NSS initialization failed' created on 2023-04-10. 3. Issue number 17458 titled 'Unhandled exception Type=Segmentation error *** Invalid JIT return address' created on 2023-05-25. 4. Issue number 17638 titled 'OpenJDK java/lang/Thread/SleepSanity Duration 999ms, expected >= 1000ms' created on 2023-06-22. 5. Issue number 17843 titled 'CRIU Assertion failed at openj9/runtime/compiler/control/CompilationThread.cpp:2927: !isCheckpointInProgress() Checkpoint already in progress!' created on 2023-07-21.",0,"Yes. The issues that have been repeatedly postponed for a long duration are as follows:
- JDK21 serviceability/jvmti/vthread/GetThreadState/GetThreadStateTest.java FAILED GetThreadStateTest::testRunnable & timed out
- OpenJDK java/lang/Character/CharPropTest - ArrayIndexOutOfBoundsException
- [win_x86] SE80_GIT cmdLineTest_J9test_elapsedTime_0 FAILED: testElapsedTime() sleep 100ms elapsedNanoTimeInMillis (98ms) should NOT be less than minElapsedNanoTimeInMillis (100ms) & FAILED: testElapsedTime() timer delayed 2s elapsedNanoTimeInMillis (1993ms) should NOT be less than...
- Apache Lucene CI builds sometimes fail with OpenJ9 specific issues
- FIPS sun/security/pkcs11/Secmod/TrustAnchors.java ProviderException: Secmod directory /etc/pki/nssdb invalid, NSS already initialized with sun/security/pkcs11/Secmod/TrustAnchors.d/tmpdb
- jdk_lang_j9_0_FAILED java/lang/String/NonCharacterMapping.java ArrayIndexOutOfBoundsException at java.base/java.lang.CharacterDataLatin1.getProperties(CharacterDataLatin1.java:74)
- FIPS JDK17 jdk_security2_0_FAILED javax/crypto/CipherSpi/CipherByteBufferOverwriteTest.java ERROR: Ciphertext does not match
- jdk_security3_1_FAILED sun/security/ssl/SSLSocketImpl/ClientModeClientAuth.java java.lang.IllegalAccessError: invokeinterface of non-public method 'contains(Ljava/lang/Object;)Z' in java/util/HashSet
- jdk_nio_0_FAILED sun/nio/cs/TestIBMBugs.java java.lang.ArrayIndexOutOfBoundsException at java.lang.CharacterDataLatin1.getProperties(CharacterDataLatin1.java:72)
- jdk_nio_1_FAILED java/nio/channels/FileChannel/ExpandingMap.java InternalError: SIGBUS
- CRIU Assertion failed at openj9/runtime/compiler/control/CompilationThread.cpp:2927: !isCheckpointInProgress() Checkpoint already in progress!
- OpenJDK java/lang/Thread/SleepSanity Duration 999ms, expected >= 1000ms
- Unhandled exception Type=Segmentation error *** Invalid JIT return address
- jdk_security3_0_FAILED IOException: NSS initialization failed
- OpenJDK java/lang/String/ToLowerCase ArrayIndexOutOfBoundsException",1,0.0,"The issue numbers of the unresolved issues consistently postponed are 18487, 18277, 18043, 18001, 17995, 17852, 17843, 17458, 17137, and 17063.",1,"The distribution of backlog issues based on components is as follows: 
- 'test failure': 3 issues
- 'test failure \n comp:fips': 2 issues
- 'comp:jit \n test failure': 2 issues
- 'test failure \n test excluded': 1 issue
- 'test failure \n comp:infra': 1 issue
- 'test failure \n arch:z \n os:linux': 1 issue
- 'comp:vm \n userRaised \n project:MH': 1 issue
- 'comp:vm \n test failure \n test excluded \n jdk21': 1 issue
- 'comp:vm \n test failure \n comp:jvmti': 1 issue
- 'comp:jit \n userRaised \n project:MH': 1 issue
- 'comp:jit \n userRaised': 1 issue
- 'comp:jit \n test failure \n criu': 1 issue","The distribution of backlog issues by component is as follows:
- 'test failure': 3 issues
- 'test failure, comp:fips': 2 issues
- 'comp:jit, test failure': 2 issues
- 'test failure, test excluded': 1 issue
- 'test failure, comp:infra': 1 issue
- 'test failure, arch:z, os:linux, release blocker': 1 issue
- 'comp:vm, userRaised, project:MH': 1 issue
- 'comp:vm, test failure, test excluded, jdk21': 1 issue
- 'comp:vm, test failure, comp:jvmti': 1 issue
- 'comp:jit, userRaised, project:MH': 1 issue
- 'comp:jit, userRaised': 1 issue
- 'comp:jit, test failure, criu': 1 issue","The distribution of backlog issues by component is as follows:
- 'test failure': 3 issues
- 'test failure \n comp:fips': 2 issues
- 'comp:jit \n test failure': 2 issues
- 'test failure \n test excluded': 1 issue
- 'test failure \n comp:infra': 1 issue
- 'test failure \n arch:z \n os:linux': 1 issue
- 'comp:vm \n userRaised \n project:MH': 1 issue
- 'comp:vm \n test failure \n test excluded \n jdk21': 1 issue
- 'comp:vm \n test failure \n comp:jvmti': 1 issue
- 'comp:jit \n userRaised \n project:MH': 1 issue
- 'comp:jit \n userRaised': 1 issue
- 'comp:jit \n test failure \n criu': 1 issue","The distribution of backlog issues based on components is as follows:
- 'test failure': 3 issues
- 'test failure, comp:fips': 2 issues
- 'comp:jit, test failure': 2 issues
- 'test failure, test excluded': 1 issue
- 'test failure, comp:infra': 1 issue
- 'test failure, arch:z, os:linux, release blocker': 1 issue
- 'comp:vm, userRaised, project:MH': 1 issue
- 'comp:vm, test failure, test excluded, jdk21': 1 issue
- 'comp:vm, test failure, comp:jvmti': 1 issue
- 'comp:jit, userRaised, project:MH': 1 issue
- 'comp:jit, userRaised': 1 issue
- 'comp:jit, test failure, criu': 1 issue","The distribution of backlog issues by component is as follows: 
- 'test failure': 3 issues 
- 'test failure, comp:fips': 2 issues 
- 'comp:jit, test failure': 2 issues 
- 'test failure, comp:infra': 1 issue 
- 'test failure, arch:z, os:linux, release blocker': 1 issue 
- 'comp:vm, userRaised, project:MH': 1 issue 
- 'comp:vm, test failure, test excluded, jdk21': 1 issue 
- 'comp:vm, test failure, comp:jvmti': 1 issue 
- 'comp:jit, userRaised, project:MH': 1 issue 
- 'comp:jit, userRaised': 1 issue 
- 'comp:jit, test failure, criu': 1 issue","The distribution of backlog issues based on components is as follows: 
- 'test failure': 3 issues
- 'comp:jit \n test failure': 2 issues
- 'comp:vm \n test failure \n comp:jvmti': 1 issue
- 'comp:jit \n test failure \n criu': 1 issue",No changes needed as the original response is consistent with the information provided in the verified source for the original question.,0.0,"The distribution of backlog issues by component is as follows: 
- 'test failure': 3 issues 
- 'test failure, comp:fips': 2 issues 
- 'comp:jit, test failure': 2 issues 
- 'test failure, test excluded': 1 issue 
- 'test failure, comp:infra': 1 issue 
- 'test failure, arch:z, os:linux, release blocker': 1 issue 
- 'comp:vm, userRaised, project:MH': 1 issue 
- 'comp:vm, test failure, test excluded, jdk21': 1 issue 
- 'comp:vm, test failure, comp:jvmti': 1 issue 
- 'comp:jit, userRaised, project:MH': 1 issue 
- 'comp:jit, userRaised': 1 issue 
- 'comp:jit, test failure, criu': 1 issue",0.0,"There are several unresolved issues that have been consistently postponed for a long time. Some of them are:
1. OpenJDK java/lang/String/ToLowerCase ArrayIndexOutOfBoundsException
2. jdk_security3_0_FAILED IOException: NSS initialization failed
3. CRIU Assertion failed at openj9/runtime/compiler/control/CompilationThread.cpp:2927: !isCheckpointInProgress() Checkpoint already in progress!",0
Find open issues that have been assigned to any milestone but are older than 3 months,"17638, 18102, 18400",Are there issues with no activity over 6 months?,Yes,,,"Yes, there are issues with no activity over 6 months.",1.0,,,There are currently 3 open issues that have been assigned to a milestone but are older than 3 months.,0,"Yes, there are issues with no activity over 6 months.",1.0,,There are currently 3 open issues that have been assigned to a milestone but are older than 3 months.,0,"Yes, there are issues with no activity for more than 6 months.",1.0,,"Issue numbers of open issues assigned to a milestone that are more than 3 months old are 17638, 18102, and 18400.",1,"Yes, there are issues that have not been active for a duration of 6 months.",,There are 3 open issues that have been assigned to a milestone but have been open for over 3 months.,0,1.0,"Yes, there are issues with no activity over 6 months. Some of the open issues that have been inactive for over 6 months are issue number 17063 - OpenJDK java/lang/String/ToLowerCase ArrayIndexOutOfBoundsException, issue number 17137 - jdk_security3_0_FAILED IOException: NSS initialization failed, issue number 17458 - Unhandled exception Type=Segmentation error  *** Invalid JIT return address, issue number 17638 - OpenJDK java/lang/Thread/SleepSanity Duration 999ms, expected >= 1000ms, issue number 17843 - CRIU Assertion failed at openj9/runtime/compiler/control/CompilationThread.cpp:2927: !isCheckpointInProgress() Checkpoint already in progress!, issue number 17852 - jdk_nio_1_FAILED java/nio/channels/FileChannel/ExpandingMap.java InternalError: SIGBUS, issue number 17995 - jdk_nio_0_FAILED sun/nio/cs/TestIBMBugs.java java.lang.ArrayIndexOutOfBoundsException at java.lang.CharacterDataLatin1.getProperties(CharacterDataLatin1.java:72), issue number 18001 - jdk_security3_1_FAILED sun/security/ssl/SSLSocketImpl/ClientModeClientAuth.java java.lang.IllegalAccessError: invokeinterface of non-public method 'contains(Ljava/lang/Object;)Z' in java/util/HashSet, issue number 18043 - FIPS JDK17 jdk_security2_0_FAILED javax/crypto/CipherSpi/CipherByteBufferOverwriteTest.java ERROR: Ciphertext does not match, and issue number 18102 - jdk_lang_j9_0_FAILED java/lang/String/NonCharacterMapping.java ArrayIndexOutOfBoundsException at java.base/java.lang.CharacterDataLatin1.getProperties(CharacterDataLatin1.java:74).",1.0,,"There are 3 open issues that have been assigned to a milestone but are older than 3 months. The issue numbers are 17638, 18102, and 18400. These issues have been open for 0 days. The 3 open issues are not assigned to the same milestone. Additionally, there are closed issues mistakenly included in the count of 3 open issues.",1,"Yes, there are several problems with no activity for over 6 months. Some of the open issues that have been inactive for over 6 months include:
1. Issue number 17063 - OpenJDK java/lang/String/ToLowerCase ArrayIndexOutOfBoundsException created on 2023-03-29
2. Issue number 17137 - jdk_security3_0_FAILED IOException: NSS initialization failed created on 2023-04-10
3. Issue number 17458 - Unhandled exception Type=Segmentation error  *** Invalid JIT return address created on 2023-05-25
4. Issue number 17638 - OpenJDK java/lang/Thread/SleepSanity Duration 999ms, expected >= 1000ms created on 2023-06-22
5. Issue number 17843 - CRIU Assertion failed at openj9/runtime/compiler/control/CompilationThread.cpp:2927: !isCheckpointInProgress() Checkpoint already in progress! created on 2023-07-21
6. Issue number 17852 - jdk_nio_1_FAILED java/nio/channels/FileChannel/ExpandingMap.java InternalError: SIGBUS created on 2023-07-24
7. Issue number 17995 - jdk_nio_0_FAILED sun/nio/cs/TestIBMBugs.java java.lang.ArrayIndexOutOfBoundsException at java.lang.CharacterDataLatin1.getProperties(CharacterDataLatin1.java:72) created on 2023-08-21
8. Issue number 18001 - jdk_security3_1_FAILED sun/security/ssl/SSLSocketImpl/ClientModeClientAuth.java java.lang.IllegalAccessError: invokeinterface of non-public method 'contains(Ljava/lang/Object;)Z' in java/util/HashSet created on 2023-08-22
9. Issue number 18043 - FIPS JDK17 jdk_security2_0_FAILED javax/crypto/CipherSpi/CipherByteBufferOverwriteTest.java ERROR: Ciphertext does not match created on 2023-08-29
10. Issue number 18102 - jdk_lang_j9_0_FAILED java/lang/String/NonCharacterMapping.java ArrayIndexOutOfBoundsException at java.base/java.lang.CharacterDataLatin1.getProperties(CharacterDataLatin1.java:74) created on 2023-09-08",1,,"Issue numbers of open issues assigned to a milestone that are more than 3 months old are 17638, 18102, and 18400.",1,,,,,,,"Yes, there have been issues with no activity for a period of 6 months.",1.0,,,"There are 3 open issues that have been assigned to a milestone but have been open for over 3 months. The issue numbers are 17638, 18102, and 18400.",1
Find unresolved issues related to the project:MH that have been open for an extended period.,18400,Are there any test failure issues that have been open for more than 9 months?,Yes,,,There are no test failure issues that have been open for more than 9 months.,0.0,,,There are no unresolved issues related to the project MH that have been open for an extended period.,0,There are no test failure issues that have been open for more than 9 months.,0.0,,"There are no unresolved issues related to the project ""MH"" that have been open for an extended period.",0,There are no open test failure issues that have been unresolved for over 9 months.,0.0,,There are no open issues related to project MH that have been open for a long time.,0,Answer: There are no test failure issues that have been open for more than 9 months.,,"There are no unresolved issues related to the project ""MH"" that have been open for an extended period.",0,1.0,"Yes, there is one test failure issue with the title ""OpenJDK java/lang/String/ToLowerCase ArrayIndexOutOfBoundsException"".",1.0,,"There are specific categories of issues related to the project 'MH' that tend to remain unresolved for an extended period, including comp:vm, userRaised, test failure, arch:z, os:linux, and release blocker.",0,"Yes, there are 3 open test failure issues that have been left unresolved for over 9 months.",1,,There are no open issues related to project 'MH' that have been open for an extended period of time.,0,,,,,,,"No, there are no test failure issues that have been open for more than 9 months.",0.0,,,"The unresolved issue related to project:MH that has remained open for an extended period of time is ""OpenJDK java/lang/String/ToLowerCase ArrayIndexOutOfBoundsException"" created on 2023-03-29.",0
Find any user raised issue that have been open for more than  6 months,17458,,,,,,,,,There are currently 10 user-raised open issues that have been open for more than 6 months.,0,,,,There are currently 10 user-raised issues that have been open for more than 6 months.,0,,,,Issue numbers of user-raised issues open for over 6 months are not available as there are no open user-raised issues in the provided data.,0,,,There are 9 user-generated issues that have remained open for longer than 6 months.,0,,,,,There are no user-raised issues that have been open for more than 6 months.,0,,,,There are no user-raised issues that have been open for more than 6 months.,0,,,,,,,,,,,There have been user raised issues that were open for close to 6 months but then closed before reaching the 6-month mark. Some examples include issues with numbers 17458.,1
What is the oldest issue in the backlog in terms of days open?,17063,,,,,,,,,"The oldest open issue in the backlog in terms of days open is issue number 17063 titled ""OpenJDK java/lang/String/ToLowerCase ArrayIndexOutOfBoundsException"", which has been open for 355 days.",1,,,,"The oldest open issue in terms of days open is issue number 17063 titled ""OpenJDK java/lang/String/ToLowerCase ArrayIndexOutOfBoundsException"", which has been open for 355 days.",1,,,,The oldest open issue in the backlog has been open for 355 days.,0,,,"The oldest issue in the backlog in terms of days open is issue number 17063 titled ""OpenJDK java/lang/String/ToLowerCase ArrayIndexOutOfBoundsException"". It has been open for 355 days.",1,,,,,"The oldest open issue in the backlog in terms of days open is issue number 17063 titled 'OpenJDK java/lang/String/ToLowerCase ArrayIndexOutOfBoundsException', which has been open for 355 days.",1,,,,"The oldest open issue in the backlog is issue number 17063 titled ""OpenJDK java/lang/String/ToLowerCase ArrayIndexOutOfBoundsException"". It has been open for 355 days.",1,,,,,,,,,,,"The oldest open issue in terms of days open is issue number 17063 titled ""OpenJDK java/lang/String/ToLowerCase ArrayIndexOutOfBoundsException"", which has been open for 358 days.",1
Find out test failure issues that have been open for more than 8 months?,"17063, 17137",,,,,,,,,Answer: There are no test failure issues that have been open for more than 8 months in the database.,0,,,,Answer: There are no test failure issues that have been open for more than 8 months.,0,,,,17063,1,,,Answer: There are no test failure issues that have been open for more than 8 months in the database.,0,,,,,There are no test failure issues open for more than 8 months.,0,,,,Issue number 17063 is still open as it was created on 2023-03-29 and has not been closed yet.,1,,,,,,,,,,,There are no test failure issues that have been open for more than 8 months.,0
